<?xml version="1.0" encoding="UTF-8"?>
<!-- Generated by org.testng.reporters.JUnitReportReporter -->
<testsuite skipped="0" hostname="NB4NLBDJ3QZMNUO" name="com.wxk.cn.TestApi" tests="1" failures="0" timestamp="04 十月 2017 14:24:06 GMT" time="0.011" errors="0">
  <testcase name="TestApi" time="0.011" classname="com.wxk.cn.TestApi"/>
</testsuite> <!-- com.wxk.cn.TestApi -->
